<?xml version="1.0" encoding="UTF-8"?>
<!-- Generated by org.testng.reporters.JUnitXMLReporter -->
<testsuite ignored="0" hostname="Brayan-Ulloa-MacBook-Pro.local" failures="0" tests="8" name="Regression1" time="37.156" errors="0" timestamp="22 Oct 2020 18:16:00 GMT">
  <testcase classname="tests.CartTests" name="cartBadge" time="1.859"/>
  <testcase classname="tests.CartTests" name="checkoutButtonAvailable" time="0.993"/>
  <testcase classname="tests.CartTests" name="continueShoppingButtonAvailable" time="0.888"/>
  <testcase classname="tests.CheckoutTests" name="cancelButton" time="3.082"/>
  <testcase classname="tests.CheckoutTests" name="completeOrder" time="3.065"/>
  <testcase classname="tests.CheckoutTests" name="submitCheckoutFormWithoutFirstName" time="2.411"/>
  <testcase classname="tests.CheckoutTests" name="submitCheckoutFormWithoutLastName" time="2.514"/>
  <testcase classname="tests.CheckoutTests" name="submitCheckoutFormWithoutPostalCode" time="2.654"/>
</testsuite> <!-- Regression1 -->
