<?xml version="1.0" encoding="UTF-8"?>
<testsuite xmlns:xsi="http://www.w3.org/2001/XMLSchema-instance" xsi:noNamespaceSchemaLocation="https://maven.apache.org/surefire/maven-surefire-plugin/xsd/surefire-test-report-3.0.xsd" version="3.0" name="TestSuite" time="39.798" tests="8" errors="0" skipped="0" failures="0">
  <properties>
[...]
</properties>
  <testcase name="cartBadge" classname="tests.CartTests" time="1.861"/>
  <testcase name="checkoutButtonAvailable" classname="tests.CartTests" time="0.993"/>
  <testcase name="continueShoppingButtonAvailable" classname="tests.CartTests" time="0.888"/>
  <testcase name="cancelButton" classname="tests.CheckoutTests" time="3.081"/>
  <testcase name="completeOrder" classname="tests.CheckoutTests" time="3.065"/>
  <testcase name="submitCheckoutFormWithoutFirstName" classname="tests.CheckoutTests" time="2.411"/>
  <testcase name="submitCheckoutFormWithoutLastName" classname="tests.CheckoutTests" time="2.514"/>
  <testcase name="submitCheckoutFormWithoutPostalCode" classname="tests.CheckoutTests" time="2.653"/>
</testsuite>