<?xml version="1.0" encoding="UTF-8"?>
<testng-results ignored="0" total="8" passed="8" failed="0" skipped="0">
  <reporter-output>
  </reporter-output>
  <suite started-at="2020-10-22T18:15:22Z" name="Suite1" finished-at="2020-10-22T18:15:59Z" duration-ms="37156">
    <groups>
    </groups>
    <test started-at="2020-10-22T18:15:22Z" name="Regression1" finished-at="2020-10-22T18:15:59Z" duration-ms="37156">
      <class name="tests.CartTests">
        <test-method is-config="true" signature="setUp()[pri:0, instance:tests.CartTests@550ee7e5]" started-at="2020-10-22T18:15:22Z" name="setUp" finished-at="2020-10-22T18:15:32Z" duration-ms="9344" status="PASS">
          <reporter-output>
          </reporter-output>
        </test-method> <!-- setUp -->
        <test-method is-config="true" signature="goHome()[pri:0, instance:tests.CartTests@550ee7e5]" started-at="2020-10-22T18:15:32Z" name="goHome" finished-at="2020-10-22T18:15:32Z" duration-ms="183" status="PASS">
          <reporter-output>
          </reporter-output>
        </test-method> <!-- goHome -->
        <test-method signature="cartBadge()[pri:0, instance:tests.CartTests@550ee7e5]" started-at="2020-10-22T18:15:32Z" name="cartBadge" finished-at="2020-10-22T18:15:34Z" duration-ms="1859" status="PASS">
          <reporter-output>
          </reporter-output>
        </test-method> <!-- cartBadge -->
        <test-method is-config="true" signature="goHome()[pri:0, instance:tests.CartTests@550ee7e5]" started-at="2020-10-22T18:15:34Z" name="goHome" finished-at="2020-10-22T18:15:34Z" duration-ms="112" status="PASS">
          <reporter-output>
          </reporter-output>
        </test-method> <!-- goHome -->
        <test-method signature="checkoutButtonAvailable()[pri:0, instance:tests.CartTests@550ee7e5]" started-at="2020-10-22T18:15:34Z" name="checkoutButtonAvailable" finished-at="2020-10-22T18:15:35Z" duration-ms="993" status="PASS">
          <reporter-output>
          </reporter-output>
        </test-method> <!-- checkoutButtonAvailable -->
        <test-method is-config="true" signature="goHome()[pri:0, instance:tests.CartTests@550ee7e5]" started-at="2020-10-22T18:15:35Z" name="goHome" finished-at="2020-10-22T18:15:35Z" duration-ms="86" status="PASS">
          <reporter-output>
          </reporter-output>
        </test-method> <!-- goHome -->
        <test-method signature="continueShoppingButtonAvailable()[pri:0, instance:tests.CartTests@550ee7e5]" started-at="2020-10-22T18:15:35Z" name="continueShoppingButtonAvailable" finished-at="2020-10-22T18:15:36Z" duration-ms="888" status="PASS">
          <reporter-output>
          </reporter-output>
        </test-method> <!-- continueShoppingButtonAvailable -->
        <test-method is-config="true" signature="tearDown()[pri:0, instance:tests.CartTests@550ee7e5]" started-at="2020-10-22T18:15:36Z" name="tearDown" finished-at="2020-10-22T18:15:36Z" duration-ms="137" status="PASS">
          <reporter-output>
          </reporter-output>
        </test-method> <!-- tearDown -->
      </class> <!-- tests.CartTests -->
      <class name="tests.CheckoutTests">
        <test-method is-config="true" signature="setUp()[pri:0, instance:tests.CheckoutTests@5f9b2141]" started-at="2020-10-22T18:15:36Z" name="setUp" finished-at="2020-10-22T18:15:45Z" duration-ms="8911" status="PASS">
          <reporter-output>
          </reporter-output>
        </test-method> <!-- setUp -->
        <test-method is-config="true" signature="goHome()[pri:0, instance:tests.CheckoutTests@5f9b2141]" started-at="2020-10-22T18:15:45Z" name="goHome" finished-at="2020-10-22T18:15:45Z" duration-ms="209" status="PASS">
          <reporter-output>
          </reporter-output>
        </test-method> <!-- goHome -->
        <test-method signature="cancelButton()[pri:0, instance:tests.CheckoutTests@5f9b2141]" started-at="2020-10-22T18:15:45Z" name="cancelButton" finished-at="2020-10-22T18:15:48Z" duration-ms="3082" status="PASS">
          <reporter-output>
          </reporter-output>
        </test-method> <!-- cancelButton -->
        <test-method is-config="true" signature="goHome()[pri:0, instance:tests.CheckoutTests@5f9b2141]" started-at="2020-10-22T18:15:48Z" name="goHome" finished-at="2020-10-22T18:15:48Z" duration-ms="83" status="PASS">
          <reporter-output>
          </reporter-output>
        </test-method> <!-- goHome -->
        <test-method signature="completeOrder()[pri:0, instance:tests.CheckoutTests@5f9b2141]" started-at="2020-10-22T18:15:48Z" name="completeOrder" finished-at="2020-10-22T18:15:51Z" duration-ms="3065" status="PASS">
          <reporter-output>
          </reporter-output>
        </test-method> <!-- completeOrder -->
        <test-method is-config="true" signature="goHome()[pri:0, instance:tests.CheckoutTests@5f9b2141]" started-at="2020-10-22T18:15:51Z" name="goHome" finished-at="2020-10-22T18:15:51Z" duration-ms="107" status="PASS">
          <reporter-output>
          </reporter-output>
        </test-method> <!-- goHome -->
        <test-method signature="submitCheckoutFormWithoutFirstName()[pri:0, instance:tests.CheckoutTests@5f9b2141]" started-at="2020-10-22T18:15:51Z" name="submitCheckoutFormWithoutFirstName" finished-at="2020-10-22T18:15:54Z" duration-ms="2411" status="PASS">
          <reporter-output>
          </reporter-output>
        </test-method> <!-- submitCheckoutFormWithoutFirstName -->
        <test-method is-config="true" signature="goHome()[pri:0, instance:tests.CheckoutTests@5f9b2141]" started-at="2020-10-22T18:15:54Z" name="goHome" finished-at="2020-10-22T18:15:54Z" duration-ms="110" status="PASS">
          <reporter-output>
          </reporter-output>
        </test-method> <!-- goHome -->
        <test-method signature="submitCheckoutFormWithoutLastName()[pri:0, instance:tests.CheckoutTests@5f9b2141]" started-at="2020-10-22T18:15:54Z" name="submitCheckoutFormWithoutLastName" finished-at="2020-10-22T18:15:56Z" duration-ms="2514" status="PASS">
          <reporter-output>
          </reporter-output>
        </test-method> <!-- submitCheckoutFormWithoutLastName -->
        <test-method is-config="true" signature="goHome()[pri:0, instance:tests.CheckoutTests@5f9b2141]" started-at="2020-10-22T18:15:56Z" name="goHome" finished-at="2020-10-22T18:15:57Z" duration-ms="113" status="PASS">
          <reporter-output>
          </reporter-output>
        </test-method> <!-- goHome -->
        <test-method signature="submitCheckoutFormWithoutPostalCode()[pri:0, instance:tests.CheckoutTests@5f9b2141]" started-at="2020-10-22T18:15:57Z" name="submitCheckoutFormWithoutPostalCode" finished-at="2020-10-22T18:15:59Z" duration-ms="2654" status="PASS">
          <reporter-output>
          </reporter-output>
        </test-method> <!-- submitCheckoutFormWithoutPostalCode -->
        <test-method is-config="true" signature="tearDown()[pri:0, instance:tests.CheckoutTests@5f9b2141]" started-at="2020-10-22T18:15:59Z" name="tearDown" finished-at="2020-10-22T18:15:59Z" duration-ms="262" status="PASS">
          <reporter-output>
          </reporter-output>
        </test-method> <!-- tearDown -->
      </class> <!-- tests.CheckoutTests -->
    </test> <!-- Regression1 -->
  </suite> <!-- Suite1 -->
</testng-results>
